<?xml version="1.0" encoding="UTF-8"?>
<!-- Generated by org.testng.reporters.JUnitReportReporter -->
<testsuite hostname="DESKTOP-P1MQ7FS" failures="0" tests="6" name="com.facebook.FacebookTestNG" time="8.435" errors="0" timestamp="2023-01-25T16:23:08 IST" skipped="0">
  <testcase classname="com.facebook.FacebookTestNG" name="getPage" time="0.009"/>
  <system-out/>
  <testcase classname="com.facebook.FacebookTestNG" name="login" time="0.817"/>
  <system-out/>
  <testcase classname="com.facebook.FacebookTestNG" name="screenshot1" time="4.084"/>
  <system-out/>
  <testcase classname="com.facebook.FacebookTestNG" name="createuser" time="3.227"/>
  <system-out/>
  <testcase classname="com.facebook.FacebookTestNG" name="screenshot2" time="0.184"/>
  <system-out/>
  <testcase classname="com.facebook.FacebookTestNG" name="getpage2" time="0.114"/>
  <system-out/>
</testsuite> <!-- com.facebook.FacebookTestNG -->
